2024-07-17 16:26:18,850 - INFO - Initializing schedule_jobs for Live Indexes...
2024-07-17 16:26:18,850 - INFO - Job scheduled successfully.
2024-07-17 16:26:18,851 - INFO - Today is Wednesday. Running announcement scheduled jobs.
2024-07-17 16:26:48,852 - INFO - Today is Wednesday. Running announcement scheduled jobs.
2024-07-17 16:27:18,854 - INFO - Today is Wednesday. Running announcement scheduled jobs.
2024-07-17 16:27:48,856 - INFO - Today is Wednesday. Running announcement scheduled jobs.
2024-07-17 16:28:06,886 - ERROR - Keyboard Interrupted, Exiting the program.
2024-07-17 16:28:12,455 - INFO - Initializing schedule_jobs for Live Indexes...
2024-07-17 16:28:12,456 - INFO - Job scheduled successfully.
2024-07-17 16:28:12,458 - INFO - Today is Wednesday. Running announcement scheduled jobs.
2024-07-17 16:28:42,460 - INFO - Today is Wednesday. Running announcement scheduled jobs.
2024-07-17 16:29:12,461 - INFO - Today is Wednesday. Running announcement scheduled jobs.
2024-07-17 16:29:42,462 - INFO - Today is Wednesday. Running announcement scheduled jobs.
2024-07-17 16:30:12,464 - INFO - Today is Wednesday. Running announcement scheduled jobs.
2024-07-17 16:30:42,466 - INFO - Today is Wednesday. Running announcement scheduled jobs.
2024-07-17 16:38:19,166 - INFO - Initializing schedule_jobs for Live Indexes...
2024-07-17 16:38:19,166 - INFO - Job scheduled successfully.
2024-07-17 16:38:19,167 - INFO - Today is Wednesday. Running announcement scheduled jobs.
2024-07-17 16:38:49,168 - INFO - Today is Wednesday. Running announcement scheduled jobs.
2024-07-17 16:39:19,170 - INFO - Today is Wednesday. Running announcement scheduled jobs.
2024-07-17 16:39:49,172 - INFO - Today is Wednesday. Running announcement scheduled jobs.
2024-07-17 16:40:19,174 - INFO - Today is Wednesday. Running announcement scheduled jobs.
2024-07-17 16:40:49,175 - INFO - Today is Wednesday. Running announcement scheduled jobs.
2024-07-17 16:41:19,176 - INFO - Today is Wednesday. Running announcement scheduled jobs.
2024-07-17 16:41:49,178 - INFO - Today is Wednesday. Running announcement scheduled jobs.
2024-07-17 16:42:19,180 - INFO - Today is Wednesday. Running announcement scheduled jobs.
2024-07-17 16:42:49,183 - INFO - Today is Wednesday. Running announcement scheduled jobs.
2024-07-17 16:43:19,183 - INFO - Today is Wednesday. Running announcement scheduled jobs.
2024-07-17 16:43:49,185 - INFO - Today is Wednesday. Running announcement scheduled jobs.
2024-07-17 16:44:19,186 - INFO - Today is Wednesday. Running announcement scheduled jobs.
2024-07-17 16:44:49,188 - INFO - Today is Wednesday. Running announcement scheduled jobs.
2024-07-17 16:45:19,189 - INFO - Today is Wednesday. Running announcement scheduled jobs.
2024-07-17 16:45:49,190 - INFO - Today is Wednesday. Running announcement scheduled jobs.
2024-07-17 16:46:19,192 - INFO - Today is Wednesday. Running announcement scheduled jobs.
2024-07-17 16:46:49,194 - INFO - Today is Wednesday. Running announcement scheduled jobs.
2024-07-17 16:47:19,195 - INFO - Today is Wednesday. Running announcement scheduled jobs.
2024-07-17 16:47:49,196 - INFO - Today is Wednesday. Running announcement scheduled jobs.
2024-07-17 16:48:19,197 - INFO - Today is Wednesday. Running announcement scheduled jobs.
2024-07-17 16:48:49,199 - INFO - Today is Wednesday. Running announcement scheduled jobs.
2024-07-17 16:49:19,201 - INFO - Today is Wednesday. Running announcement scheduled jobs.
2024-07-17 16:49:49,202 - INFO - Today is Wednesday. Running announcement scheduled jobs.
2024-07-17 16:50:19,203 - INFO - Today is Wednesday. Running announcement scheduled jobs.
2024-07-17 16:50:49,205 - INFO - Today is Wednesday. Running announcement scheduled jobs.
2024-07-17 16:51:19,207 - INFO - Today is Wednesday. Running announcement scheduled jobs.
2024-07-17 16:51:49,208 - INFO - Today is Wednesday. Running announcement scheduled jobs.
2024-07-17 16:52:19,209 - INFO - Today is Wednesday. Running announcement scheduled jobs.
2024-07-17 16:52:49,210 - INFO - Today is Wednesday. Running announcement scheduled jobs.
2024-07-17 16:53:19,212 - INFO - Today is Wednesday. Running announcement scheduled jobs.
2024-07-17 16:53:49,213 - INFO - Today is Wednesday. Running announcement scheduled jobs.
2024-07-17 16:54:19,215 - INFO - Today is Wednesday. Running announcement scheduled jobs.
2024-07-17 16:54:49,216 - INFO - Today is Wednesday. Running announcement scheduled jobs.
2024-07-17 16:55:19,217 - INFO - Today is Wednesday. Running announcement scheduled jobs.
2024-07-17 16:55:49,219 - INFO - Today is Wednesday. Running announcement scheduled jobs.
2024-07-17 16:56:19,220 - INFO - Today is Wednesday. Running announcement scheduled jobs.
2024-07-17 16:56:49,222 - INFO - Today is Wednesday. Running announcement scheduled jobs.
2024-07-17 16:57:19,223 - INFO - Today is Wednesday. Running announcement scheduled jobs.
2024-07-17 16:57:49,225 - INFO - Today is Wednesday. Running announcement scheduled jobs.
2024-07-17 16:58:19,226 - INFO - Today is Wednesday. Running announcement scheduled jobs.
2024-07-17 16:58:19,227 - INFO - Starting the scraping process...
2024-07-17 16:58:19,252 - INFO - Launching browser
2024-07-17 16:58:20,939 - INFO - Navigating to the page (attempt 1/3)
2024-07-17 16:58:35,672 - INFO - Page loaded successfully
2024-07-17 16:58:35,700 - INFO - Headers: ['title', 'published_date', 'approved_date', 'symbol', 'announcement']
2024-07-17 16:58:35,706 - INFO - Processing row 1/20
2024-07-17 16:58:36,868 - INFO - Processing row 2/20
2024-07-17 16:58:38,423 - INFO - Processing row 3/20
2024-07-17 16:58:39,623 - INFO - Processing row 4/20
2024-07-17 16:58:40,721 - INFO - Processing row 5/20
2024-07-17 16:58:41,810 - INFO - Processing row 6/20
2024-07-17 16:58:42,921 - INFO - Processing row 7/20
2024-07-17 16:58:44,012 - INFO - Processing row 8/20
2024-07-17 16:58:45,116 - INFO - Processing row 9/20
2024-07-17 16:58:46,216 - INFO - Processing row 10/20
2024-07-17 16:58:47,317 - INFO - Processing row 11/20
2024-07-17 16:58:48,393 - INFO - Processing row 12/20
2024-07-17 16:58:49,501 - INFO - Processing row 13/20
2024-07-17 16:58:50,581 - INFO - Processing row 14/20
2024-07-17 16:58:51,685 - INFO - Processing row 15/20
2024-07-17 16:58:52,784 - INFO - Processing row 16/20
2024-07-17 16:58:53,884 - INFO - Processing row 17/20
2024-07-17 16:58:54,989 - INFO - Processing row 18/20
2024-07-17 16:58:56,062 - INFO - Processing row 19/20
2024-07-17 16:58:57,162 - INFO - Processing row 20/20
2024-07-17 16:58:58,273 - INFO - Scraped 20 announcements
2024-07-17 16:58:59,959 - INFO - Database connection established.
2024-07-17 16:59:00,158 - INFO - Database stock fetched.
2024-07-17 16:59:04,723 - INFO - API call successful for SDLBSL with status 200
2024-07-17 16:59:04,725 - INFO - Notification Send
2024-07-17 16:59:06,059 - INFO - API call successful for SDLBSL with status 200
2024-07-17 16:59:06,060 - INFO - Notification Send
2024-07-17 16:59:07,374 - INFO - API call successful for SDLBSL with status 200
2024-07-17 16:59:07,374 - INFO - Notification Send
2024-07-17 16:59:08,678 - ERROR - API call failed for DLBS with status 422. Error message: {"success":false,"errors":"No announcement to notify."}
2024-07-17 16:59:08,679 - INFO - Notification Send
2024-07-17 16:59:10,009 - ERROR - API call failed for EDBL with status 422. Error message: {"success":false,"errors":"No announcement to notify."}
2024-07-17 16:59:10,010 - INFO - Notification Send
2024-07-17 16:59:13,270 - INFO - Announcements processed
2024-07-17 16:59:13,271 - INFO - Database connection closed.
2024-07-17 16:59:14,309 - INFO - Scraping process completed.
2024-07-17 16:59:44,310 - INFO - Today is Wednesday. Running announcement scheduled jobs.
2024-07-17 17:00:14,311 - INFO - Today is Wednesday. Running announcement scheduled jobs.
2024-07-17 17:00:44,312 - INFO - Today is Wednesday. Running announcement scheduled jobs.
2024-07-17 17:01:14,313 - INFO - Today is Wednesday. Running announcement scheduled jobs.
2024-07-17 17:01:44,314 - INFO - Today is Wednesday. Running announcement scheduled jobs.
2024-07-17 17:02:14,315 - INFO - Today is Wednesday. Running announcement scheduled jobs.
2024-07-17 17:02:44,316 - INFO - Today is Wednesday. Running announcement scheduled jobs.
2024-07-17 17:03:14,316 - INFO - Today is Wednesday. Running announcement scheduled jobs.
2024-07-17 17:03:44,318 - INFO - Today is Wednesday. Running announcement scheduled jobs.
2024-07-17 17:04:14,319 - INFO - Today is Wednesday. Running announcement scheduled jobs.
2024-07-17 17:04:44,320 - INFO - Today is Wednesday. Running announcement scheduled jobs.
2024-07-17 17:05:14,321 - INFO - Today is Wednesday. Running announcement scheduled jobs.
2024-07-17 17:05:44,322 - INFO - Today is Wednesday. Running announcement scheduled jobs.
2024-07-17 17:06:14,323 - INFO - Today is Wednesday. Running announcement scheduled jobs.
2024-07-17 17:06:44,325 - INFO - Today is Wednesday. Running announcement scheduled jobs.
2024-07-17 17:07:14,326 - INFO - Today is Wednesday. Running announcement scheduled jobs.
2024-07-17 17:07:44,327 - INFO - Today is Wednesday. Running announcement scheduled jobs.
2024-07-17 17:08:14,328 - INFO - Today is Wednesday. Running announcement scheduled jobs.
2024-07-17 17:08:44,334 - INFO - Today is Wednesday. Running announcement scheduled jobs.
2024-07-17 17:09:14,335 - INFO - Today is Wednesday. Running announcement scheduled jobs.
2024-07-17 17:09:44,335 - INFO - Today is Wednesday. Running announcement scheduled jobs.
2024-07-17 17:10:14,336 - INFO - Today is Wednesday. Running announcement scheduled jobs.
2024-07-17 17:10:44,337 - INFO - Today is Wednesday. Running announcement scheduled jobs.
2024-07-17 17:11:14,338 - INFO - Today is Wednesday. Running announcement scheduled jobs.
2024-07-17 17:11:44,339 - INFO - Today is Wednesday. Running announcement scheduled jobs.
2024-07-17 17:12:14,341 - INFO - Today is Wednesday. Running announcement scheduled jobs.
2024-07-17 17:12:44,341 - INFO - Today is Wednesday. Running announcement scheduled jobs.
