2024-07-10 17:42:37,643 - INFO - Home page accessed.
2024-07-11 10:47:22,804 - INFO - Starting script: live_indexes
2024-07-11 10:48:58,271 - INFO - Home page accessed.
2024-07-11 10:57:29,047 - INFO - Completed script: live_indexes
2024-07-11 10:58:22,135 - INFO - Home page accessed.
2024-07-11 11:00:07,816 - INFO - Starting script: marketStatus
2024-07-11 11:00:07,816 - INFO - Starting script: live_indexes
2024-07-11 11:00:37,508 - INFO - Home page accessed.
2024-07-11 11:12:57,259 - INFO - Starting scripts <function marketStatus at 0x000001A4DFD29C60>
2024-07-11 11:12:57,272 - INFO - Starting scripts <function live_indexes at 0x0000017BB9ACA0C0>
2024-07-11 11:12:57,272 - INFO - Starting scripts <function eps at 0x0000026F9E54A340>
2024-07-11 11:13:00,099 - INFO - Home page accessed.
2024-07-11 12:30:13,757 - INFO - Starting scripts marketStatus
2024-07-11 12:30:13,766 - INFO - Starting scripts live_indexes
2024-07-11 12:30:13,814 - INFO - Starting scripts eps
2024-07-11 12:30:13,838 - INFO - Starting scripts dividend
2024-07-11 12:30:22,913 - INFO - Home page accessed.
2024-07-12 16:38:28,490 - INFO - Starting scripts marketStatus
2024-07-12 16:38:28,498 - INFO - Starting scripts live_indexes
2024-07-12 16:38:28,500 - INFO - Starting scripts eps
2024-07-12 16:38:28,516 - INFO - Starting scripts dividend
2024-07-12 16:38:28,518 - INFO - Starting scripts LiveStockPrices
2024-07-12 16:38:28,520 - INFO - Starting scripts dailyFloorsheet
2024-07-12 16:38:38,816 - INFO - Home page accessed.
2024-07-17 16:26:18,817 - INFO - Starting scripts marketStatus
2024-07-17 16:26:18,828 - INFO - Starting scripts live_indexes
2024-07-17 16:26:18,833 - INFO - Starting scripts eps
2024-07-17 16:26:18,834 - INFO - Starting scripts dividend
2024-07-17 16:26:18,840 - INFO - Starting scripts live_stock
2024-07-17 16:26:18,847 - INFO - Starting scripts dailyFloorsheet
2024-07-17 16:26:18,849 - INFO - Starting scripts announcements
2024-07-17 16:26:18,871 - INFO - Starting scripts chromeKiller
2024-07-17 16:26:50,630 - INFO - Home page accessed.
2024-07-17 16:28:12,410 - INFO - Starting scripts marketStatus
2024-07-17 16:28:12,417 - INFO - Starting scripts live_indexes
2024-07-17 16:28:12,426 - INFO - Starting scripts eps
2024-07-17 16:28:12,426 - INFO - Starting scripts dividend
2024-07-17 16:28:12,437 - INFO - Starting scripts live_stock
2024-07-17 16:28:12,447 - INFO - Starting scripts dailyFloorsheet
2024-07-17 16:28:12,455 - INFO - Starting scripts announcements
2024-07-17 16:28:12,474 - INFO - Starting scripts chromeKiller
2024-07-17 16:38:19,147 - INFO - Starting scripts marketStatus
2024-07-17 16:38:19,150 - INFO - Starting scripts live_indexes
2024-07-17 16:38:19,150 - INFO - Starting scripts eps
2024-07-17 16:38:19,154 - INFO - Starting scripts dividend
2024-07-17 16:38:19,157 - INFO - Starting scripts live_stock
2024-07-17 16:38:19,160 - INFO - Starting scripts dailyFloorsheet
2024-07-17 16:38:19,165 - INFO - Starting scripts announcements
2024-07-17 16:38:19,168 - INFO - Starting scripts chromeKiller
2024-07-17 16:38:28,830 - INFO - Home page accessed.
2024-07-17 16:38:39,341 - INFO - Home page accessed.
