2024-07-12 16:38:27,563 - INFO - Log File Set!
2024-07-12 16:38:28,483 - INFO - Log File Set!
2024-07-12 16:38:28,490 - INFO - Log File Set!
2024-07-12 16:38:28,491 - INFO - Log File Set!
2024-07-12 16:38:28,509 - INFO - Log File Set!
2024-07-12 16:38:28,511 - INFO - Log File Set!
2024-07-12 16:38:28,513 - INFO - Log File Set!
2024-07-12 16:38:28,520 - INFO - Initializing schedule_jobs...
2024-07-12 16:38:28,520 - INFO - Job scheduled successfully.
2024-07-17 15:27:27,737 - INFO - Log File Set!
2024-07-17 15:27:27,740 - INFO - Initializing schedule_jobs...
2024-07-17 15:27:27,740 - INFO - Job scheduled successfully.
2024-07-17 15:28:11,442 - INFO - Log File Set!
2024-07-17 15:28:11,444 - INFO - Initializing schedule_jobs...
2024-07-17 15:28:11,445 - INFO - Job scheduled successfully.
2024-07-17 15:29:01,456 - INFO - Running Job func
2024-07-17 15:29:01,457 - INFO - Creating browser instance...
2024-07-17 15:29:02,963 - INFO - Navigating to https://www.nepalstock.com.np/floor-sheet...
2024-07-17 15:29:13,140 - ERROR - An error occurred while navigating to the URL: net::ERR_EMPTY_RESPONSE at https://www.nepalstock.com.np/floor-sheet
2024-07-17 15:29:13,141 - INFO - Closing the browser...
2024-07-17 15:29:14,219 - INFO - Connecting to the database...
2024-07-17 15:29:15,786 - INFO - Database connection established.
2024-07-17 15:29:19,388 - INFO - Inserting/updating Floorsheet Data
2024-07-17 15:29:19,574 - INFO - Floorsheet Data Inserted.
2024-07-17 15:29:19,762 - INFO - Database connection closed.
2024-07-17 15:51:16,352 - INFO - Log File Set!
2024-07-17 15:51:16,354 - INFO - Initializing schedule_jobs...
2024-07-17 15:51:16,355 - INFO - Job scheduled successfully.
2024-07-17 15:53:52,861 - INFO - Log File Set!
2024-07-17 15:53:52,862 - INFO - Initializing schedule_jobs...
2024-07-17 15:53:52,863 - INFO - Job scheduled successfully.
2024-07-17 15:54:02,865 - INFO - Running Job func
2024-07-17 15:54:02,867 - INFO - Creating browser instance...
2024-07-17 15:54:03,972 - INFO - Navigating to https://www.nepalstock.com.np/floor-sheet...
2024-07-17 15:54:10,618 - ERROR - An error occurred while navigating to the URL: net::ERR_EMPTY_RESPONSE at https://www.nepalstock.com.np/floor-sheet
2024-07-17 15:54:10,618 - INFO - Closing the browser...
2024-07-17 15:54:11,743 - INFO - Connecting to the database...
2024-07-17 15:54:15,208 - INFO - Database connection established.
2024-07-17 15:54:16,232 - INFO - Inserting/updating Floorsheet Data
2024-07-17 15:54:16,432 - INFO - Floorsheet Data Inserted.
2024-07-17 15:54:16,618 - INFO - Database connection closed.
2024-07-17 15:54:54,822 - INFO - Log File Set!
2024-07-17 15:54:54,824 - INFO - Running Job func
2024-07-17 15:54:54,826 - INFO - Creating browser instance...
2024-07-17 15:54:56,030 - INFO - Navigating to https://www.nepalstock.com.np/floor-sheet...
2024-07-17 15:54:56,338 - ERROR - An error occurred while navigating to the URL: net::ERR_EMPTY_RESPONSE at https://www.nepalstock.com.np/floor-sheet
2024-07-17 15:54:56,338 - INFO - Closing the browser...
2024-07-17 15:54:57,066 - INFO - Connecting to the database...
2024-07-17 15:54:58,496 - INFO - Database connection established.
2024-07-17 15:54:59,363 - INFO - Inserting/updating Floorsheet Data
2024-07-17 15:54:59,545 - INFO - Floorsheet Data Inserted.
2024-07-17 15:54:59,737 - INFO - Database connection closed.
2024-07-17 15:55:00,475 - INFO - Log File Set!
2024-07-17 15:55:00,477 - INFO - Running Job func
2024-07-17 15:55:00,479 - INFO - Creating browser instance...
2024-07-17 15:55:01,587 - INFO - Navigating to https://www.nepalstock.com.np/floor-sheet...
2024-07-17 15:55:01,889 - ERROR - An error occurred while navigating to the URL: net::ERR_EMPTY_RESPONSE at https://www.nepalstock.com.np/floor-sheet
2024-07-17 15:55:01,890 - INFO - Closing the browser...
2024-07-17 15:55:02,619 - INFO - Connecting to the database...
2024-07-17 15:55:04,061 - INFO - Database connection established.
2024-07-17 15:55:04,895 - INFO - Inserting/updating Floorsheet Data
2024-07-17 15:55:05,084 - INFO - Floorsheet Data Inserted.
2024-07-17 15:55:05,270 - INFO - Database connection closed.
2024-07-17 15:55:45,792 - INFO - Log File Set!
2024-07-17 15:55:45,795 - INFO - Running Job func
2024-07-17 15:55:45,797 - INFO - Creating browser instance...
2024-07-17 15:55:47,351 - INFO - Navigating to https://www.nepalstock.com.np/floor-sheet...
2024-07-17 15:55:47,639 - ERROR - An error occurred while navigating to the URL: net::ERR_EMPTY_RESPONSE at https://www.nepalstock.com.np/floor-sheet
2024-07-17 15:55:47,639 - INFO - Closing the browser...
2024-07-17 15:55:48,313 - INFO - Connecting to the database...
2024-07-17 15:55:49,738 - INFO - Database connection established.
2024-07-17 15:55:50,597 - INFO - Inserting/updating Floorsheet Data
2024-07-17 15:55:50,790 - INFO - Floorsheet Data Inserted.
2024-07-17 15:55:50,977 - INFO - Database connection closed.
2024-07-17 15:56:29,168 - INFO - Log File Set!
2024-07-17 15:56:29,170 - INFO - Running Job func
2024-07-17 15:56:29,172 - INFO - Creating browser instance...
2024-07-17 15:56:30,294 - INFO - Navigating to https://www.nepalstock.com.np/floor-sheet...
2024-07-17 15:56:30,729 - ERROR - An error occurred while navigating to the URL: net::ERR_EMPTY_RESPONSE at https://www.nepalstock.com.np/floor-sheet
2024-07-17 15:56:30,730 - INFO - Closing the browser...
2024-07-17 15:56:31,397 - INFO - Connecting to the database...
2024-07-17 15:56:32,871 - INFO - Database connection established.
2024-07-17 15:56:33,761 - INFO - Inserting/updating Floorsheet Data
2024-07-17 15:56:33,948 - INFO - Floorsheet Data Inserted.
2024-07-17 15:56:34,140 - INFO - Database connection closed.
2024-07-17 15:57:03,647 - INFO - Log File Set!
2024-07-17 15:57:03,649 - INFO - Running Job func
2024-07-17 15:57:03,650 - INFO - Creating browser instance...
2024-07-17 15:57:05,070 - INFO - Navigating to https://www.nepalstock.com.np/floor-sheet...
2024-07-17 15:57:11,423 - ERROR - An error occurred while navigating to the URL: net::ERR_EMPTY_RESPONSE at https://www.nepalstock.com.np/floor-sheet
2024-07-17 15:57:11,424 - INFO - Closing the browser...
2024-07-17 15:57:12,503 - INFO - Connecting to the database...
2024-07-17 15:57:13,913 - INFO - Database connection established.
2024-07-17 15:57:14,782 - INFO - Inserting/updating Floorsheet Data
2024-07-17 15:57:14,970 - INFO - Floorsheet Data Inserted.
2024-07-17 15:57:15,159 - INFO - Database connection closed.
2024-07-17 15:57:56,710 - INFO - Log File Set!
2024-07-17 15:57:56,714 - INFO - Running Job func
2024-07-17 15:57:56,723 - INFO - Creating browser instance...
2024-07-17 15:57:58,106 - INFO - Navigating to https://www.nepalstock.com.np/floor-sheet...
2024-07-17 15:57:58,423 - ERROR - An error occurred while navigating to the URL: net::ERR_EMPTY_RESPONSE at https://www.nepalstock.com.np/floor-sheet
2024-07-17 15:57:58,424 - INFO - Closing the browser...
2024-07-17 15:57:59,095 - INFO - Connecting to the database...
2024-07-17 15:58:00,511 - INFO - Database connection established.
2024-07-17 15:58:01,361 - INFO - Inserting/updating Floorsheet Data
2024-07-17 15:58:01,559 - INFO - Floorsheet Data Inserted.
2024-07-17 15:58:01,747 - INFO - Database connection closed.
2024-07-17 15:59:27,465 - INFO - Log File Set!
2024-07-17 15:59:27,466 - INFO - Running Job func
2024-07-17 15:59:27,468 - INFO - Creating browser instance...
2024-07-17 15:59:28,878 - INFO - Navigating to https://www.nepalstock.com.np/floor-sheet...
2024-07-17 15:59:29,290 - ERROR - An error occurred while navigating to the URL: net::ERR_EMPTY_RESPONSE at https://www.nepalstock.com.np/floor-sheet
2024-07-17 15:59:29,290 - INFO - Closing the browser...
2024-07-17 15:59:29,866 - INFO - Connecting to the database...
2024-07-17 15:59:31,358 - INFO - Database connection established.
2024-07-17 15:59:32,205 - INFO - Inserting/updating Floorsheet Data
2024-07-17 15:59:32,402 - INFO - Floorsheet Data Inserted.
2024-07-17 15:59:32,592 - INFO - Database connection closed.
2024-07-17 16:08:49,772 - INFO - Log File Set!
2024-07-17 16:08:49,774 - INFO - Running Job func
2024-07-17 16:08:49,776 - INFO - Creating browser instance...
2024-07-17 16:08:50,588 - INFO - Navigating to https://www.nepalstock.com.np/floor-sheet...
2024-07-17 16:08:56,964 - ERROR - An error occurred while navigating to the URL: net::ERR_EMPTY_RESPONSE at https://www.nepalstock.com.np/floor-sheet
2024-07-17 16:08:56,965 - INFO - Closing the browser...
2024-07-17 16:08:58,010 - INFO - Connecting to the database...
2024-07-17 16:08:59,491 - INFO - Database connection established.
2024-07-17 16:09:00,332 - INFO - Inserting/updating Floorsheet Data
2024-07-17 16:09:00,516 - INFO - Floorsheet Data Inserted.
2024-07-17 16:09:00,710 - INFO - Database connection closed.
2024-07-17 16:13:47,302 - INFO - Log File Set!
2024-07-17 16:13:47,305 - INFO - Initializing schedule_jobs...
2024-07-17 16:13:47,306 - INFO - Job scheduled successfully.
2024-07-17 16:15:02,316 - INFO - Running Job func
2024-07-17 16:15:02,317 - INFO - Creating browser instance...
2024-07-17 16:15:03,085 - INFO - Navigating to https://www.nepalstock.com.np/floor-sheet...
2024-07-17 16:15:09,436 - ERROR - An error occurred while navigating to the URL: net::ERR_EMPTY_RESPONSE at https://www.nepalstock.com.np/floor-sheet
2024-07-17 16:15:09,437 - INFO - Closing the browser...
2024-07-17 16:15:10,464 - INFO - Connecting to the database...
2024-07-17 16:15:11,985 - INFO - Database connection established.
2024-07-17 16:15:12,773 - INFO - Inserting/updating Floorsheet Data
2024-07-17 16:15:12,964 - INFO - Floorsheet Data Inserted.
2024-07-17 16:15:13,148 - INFO - Database connection closed.
2024-07-17 16:16:44,800 - INFO - Log File Set!
2024-07-17 16:16:44,802 - INFO - Initializing schedule_jobs...
2024-07-17 16:16:44,802 - INFO - Job scheduled successfully.
2024-07-17 16:17:04,804 - INFO - Running Job func
2024-07-17 16:17:04,806 - INFO - Creating browser instance...
2024-07-17 16:17:05,759 - INFO - Navigating to https://www.nepalstock.com.np/floor-sheet...
2024-07-17 16:17:06,094 - ERROR - An error occurred while navigating to the URL: net::ERR_EMPTY_RESPONSE at https://www.nepalstock.com.np/floor-sheet
2024-07-17 16:17:06,094 - INFO - Closing the browser...
2024-07-17 16:17:06,765 - INFO - Connecting to the database...
2024-07-17 16:17:08,312 - INFO - Database connection established.
2024-07-17 16:17:09,184 - INFO - Inserting/updating Floorsheet Data
2024-07-17 16:17:09,378 - INFO - Floorsheet Data Inserted.
2024-07-17 16:17:09,576 - INFO - Database connection closed.
2024-07-17 16:25:50,256 - INFO - Log File Set!
2024-07-17 16:26:16,486 - INFO - Log File Set!
2024-07-17 16:26:18,240 - INFO - Log File Set!
2024-07-17 16:26:18,266 - INFO - Log File Set!
2024-07-17 16:26:18,271 - INFO - Log File Set!
2024-07-17 16:26:18,274 - INFO - Log File Set!
2024-07-17 16:26:18,284 - INFO - Log File Set!
2024-07-17 16:26:18,291 - INFO - Log File Set!
2024-07-17 16:26:18,299 - INFO - Log File Set!
2024-07-17 16:26:18,359 - INFO - Log File Set!
2024-07-17 16:26:18,848 - INFO - Initializing schedule_jobs...
2024-07-17 16:26:18,849 - INFO - Job scheduled successfully.
2024-07-17 16:28:09,807 - INFO - Log File Set!
2024-07-17 16:28:11,636 - INFO - Log File Set!
2024-07-17 16:28:11,657 - INFO - Log File Set!
2024-07-17 16:28:11,659 - INFO - Log File Set!
2024-07-17 16:28:11,668 - INFO - Log File Set!
2024-07-17 16:28:11,686 - INFO - Log File Set!
2024-07-17 16:28:11,699 - INFO - Log File Set!
2024-07-17 16:28:11,704 - INFO - Log File Set!
2024-07-17 16:28:11,744 - INFO - Log File Set!
2024-07-17 16:28:12,447 - INFO - Initializing schedule_jobs...
2024-07-17 16:28:12,448 - INFO - Job scheduled successfully.
